Arguments: 
  C:\Program Files\nodejs\node.exe C:\Users\Admin\AppData\Roaming\npm\node_modules\yarn\bin\yarn.js

PATH: 
  C:\Users\Admin\bin;C:\Program Files\Git\mingw64\bin;C:\Program Files\Git\usr\local\bin;C:\Program Files\Git\usr\bin;C:\Program Files\Git\usr\bin;C:\Program Files\Git\mingw64\bin;C:\Program Files\Git\usr\bin;C:\Users\Admin\bin;C:\Python311\Scripts;C:\Python311;C:\Program Files\Java\jdk-17.0.4.1\bin;C:\Program Files\Common Files\Oracle\Java\javapath;D:\Program Files (x86)\VMware\VMware Workstation\bin;C:\Windows\system32;C:\Windows;C:\Windows\System32\Wbem;C:\Windows\System32\WindowsPowerShell\v1.0;C:\Windows\System32\OpenSSH;C:\Program Files (x86)\NVIDIA Corporation\PhysX\Common;C:\Program Files\nodejs;C:\Program Files\Git\cmd;C:\Program Files\dotnet;C:\Users\Admin\AppData\Local\Microsoft\WindowsApps;C:\Users\Admin\AppData\Local\Programs\Microsoft VS Code\bin;C:\Users\Admin\AppData\Roaming\npm;C:\Users\Admin\.dotnet\tools;C:\apache-maven-3.8.6\bin;C:\WINDOWS\system32;C:\WINDOWS;C:\WINDOWS\System32\Wbem;C:\WINDOWS\System32\WindowsPowerShell\v1.0;C:\WINDOWS\System32\OpenSSH;C:\Program Files\Cloudflare\Cloudflare WARP;C:\ProgramData\chocolatey\bin;C:\Program Files\MySQL\MySQL Shell 8.0\bin;C:\Program Files\heroku\bin;C:\Program Files\Git\usr\bin\vendor_perl;C:\Program Files\Git\usr\bin\core_perl

Yarn version: 
  1.22.19

Node version: 
  16.17.0

Platform: 
  win32 x64

Trace: 
  Error: connect ENETUNREACH 104.16.27.35:443
      at TCPConnectWrap.afterConnect [as oncomplete] (node:net:1247:16)

npm manifest: 
  {
    "name": "admin",
    "proxy": "http://127.0.0.1:5000",
    "version": "0.1.0",
    "private": true,
    "dependencies": {
      "@testing-library/jest-dom": "^5.14.1",
      "@testing-library/react": "^11.2.7",
      "@testing-library/user-event": "^12.8.3",
      "apexcharts": "^3.27.1",
      "axios": "^0.27.2",
      "bootstrap": "^5.2.1",
      "react": "^18.2.0",
      "react-apexcharts": "^1.3.9",
      "react-bootstrap": "^2.5.0",
      "react-dom": "^18.2.0",
      "react-redux": "^8.0.4",
      "react-router-bootstrap": "^0.25.0",
      "react-router-dom": "^5.3.4",
      "react-scripts": "^2.1.3",
      "redux": "^4.2.0",
      "redux-devtools-extension": "^2.13.9",
      "redux-thunk": "^2.4.1",
      "web-vitals": "^1.1.2"
    },
    "scripts": {
      "start": "react-scripts start",
      "build": "react-scripts build",
      "test": "react-scripts test",
      "eject": "react-scripts eject"
    },
    "eslintConfig": {
      "extends": [
        "react-app",
        "react-app/jest"
      ]
    },
    "browserslist": {
      "production": [
        ">0.2%",
        "not dead",
        "not op_mini all"
      ],
      "development": [
        "last 1 chrome version",
        "last 1 firefox version",
        "last 1 safari version"
      ]
    }
  }

yarn manifest: 
  No manifest

Lockfile: 
  No lockfile
